<?xml version="1.0" encoding="UTF-8"?>
<testng-results ignored="0" total="1" passed="1" failed="0" skipped="0">
  <reporter-output>
  </reporter-output>
  <suite started-at="2024-01-20T22:52:14 IST" name="Default suite" finished-at="2024-01-20T22:52:24 IST" duration-ms="9890">
    <groups>
    </groups>
    <test started-at="2024-01-20T22:52:14 IST" name="Default test" finished-at="2024-01-20T22:52:24 IST" duration-ms="9890">
      <class name="Firsttestng.Sectest">
        <test-method is-config="true" signature="f()[pri:0, instance:Firsttestng.Sectest@720653c2]" started-at="2024-01-20T22:52:14 IST" name="f" finished-at="2024-01-20T22:52:22 IST" duration-ms="8312" status="PASS">
          <reporter-output>
          </reporter-output>
        </test-method> <!-- f -->
        <test-method signature="login()[pri:0, instance:Firsttestng.Sectest@720653c2]" started-at="2024-01-20T22:52:22 IST" name="login" finished-at="2024-01-20T22:52:24 IST" duration-ms="1470" status="PASS">
          <reporter-output>
          </reporter-output>
        </test-method> <!-- login -->
      </class> <!-- Firsttestng.Sectest -->
    </test> <!-- Default test -->
  </suite> <!-- Default suite -->
</testng-results>
